<?xml version="1.0" encoding="UTF-8"?>
<!-- Generated by org.testng.reporters.JUnitReportReporter -->
<testsuite hostname="DESKTOP-CDB6JFS" failures="0" tests="5" name="selenium.First" time="48.290" errors="0" timestamp="2024-04-07T18:00:47 IST" skipped="0">
  <testcase classname="selenium.First" name="testCricBuzzTitle" time="7.846"/>
  <system-out/>
  <testcase classname="selenium.First" name="testNavigateToAboutPage" time="8.056"/>
  <system-out/>
  <testcase classname="selenium.First" name="testCheckFooterLinks" time="16.154"/>
  <system-out/>
  <testcase classname="selenium.First" name="testAmazonTitle" time="11.116"/>
  <system-out/>
  <testcase classname="selenium.First" name="testGoogleTitle" time="5.118"/>
  <system-out/>
</testsuite> <!-- selenium.First -->
